Determining if the pthread_create exist failed with the following output:
Change Dir: /Users/ohad/Projects/pokemon/pnacl/vbam-code-1231-trunk/CMakeFiles/CMakeTmp

Run Build Command:"/opt/local/bin/gmake" "cmTC_a5382/fast"
/opt/local/bin/gmake -f CMakeFiles/cmTC_a5382.dir/build.make CMakeFiles/cmTC_a5382.dir/build
gmake[1]: Entering directory `/Users/ohad/Projects/pokemon/pnacl/vbam-code-1231-trunk/CMakeFiles/CMakeTmp'
Building C object CMakeFiles/cmTC_a5382.dir/CheckSymbolExists.c.o
/Users/ohad/Projects/pokemon/nacl_sdk/pepper_49//toolchain/mac_pnacl/bin/pnacl-clang   -isystem /Users/ohad/Projects/pokemon/nacl_sdk/pepper_49/include -isystem /Users/ohad/Projects/pokemon/nacl_sdk/pepper_49/toolchain/mac_pnacl/usr/include/glibc-compat  -Wno-non-literal-null-conversion -Wno-deprecated-writable-strings -U__STRICT_ANSI__    -o CMakeFiles/cmTC_a5382.dir/CheckSymbolExists.c.o   -c /Users/ohad/Projects/pokemon/pnacl/vbam-code-1231-trunk/CMakeFiles/CMakeTmp/CheckSymbolExists.c
Linking C executable cmTC_a5382
/opt/local/bin/cmake -E cmake_link_script CMakeFiles/cmTC_a5382.dir/link.txt --verbose=1
/Users/ohad/Projects/pokemon/nacl_sdk/pepper_49//toolchain/mac_pnacl/bin/pnacl-clang  -Wno-non-literal-null-conversion -Wno-deprecated-writable-strings -U__STRICT_ANSI__     CMakeFiles/cmTC_a5382.dir/CheckSymbolExists.c.o  -o cmTC_a5382  -L/Users/ohad/Projects/pokemon/nacl_sdk/pepper_49/lib/pnacl/Release -rdynamic 
CMakeFiles/cmTC_a5382.dir/CheckSymbolExists.c.o: error: undefined reference to 'pthread_create'
gmake[1]: *** [cmTC_a5382] Error 1
gmake[1]: Leaving directory `/Users/ohad/Projects/pokemon/pnacl/vbam-code-1231-trunk/CMakeFiles/CMakeTmp'
gmake: *** [cmTC_a5382/fast] Error 2

File /Users/ohad/Projects/pokemon/pnacl/vbam-code-1231-trunk/CMakeFiles/CMakeTmp/CheckSymbolExists.c:
/* */
#include <pthread.h>

int main(int argc, char** argv)
{
  (void)argv;
#ifndef pthread_create
  return ((int*)(&pthread_create))[argc];
#else
  (void)argc;
  return 0;
#endif
}

Determining if the function pthread_create exists in the pthreads failed with the following output:
Change Dir: /Users/ohad/Projects/pokemon/pnacl/vbam-code-1231-trunk/CMakeFiles/CMakeTmp

Run Build Command:"/opt/local/bin/gmake" "cmTC_31c0f/fast"
/opt/local/bin/gmake -f CMakeFiles/cmTC_31c0f.dir/build.make CMakeFiles/cmTC_31c0f.dir/build
gmake[1]: Entering directory `/Users/ohad/Projects/pokemon/pnacl/vbam-code-1231-trunk/CMakeFiles/CMakeTmp'
Building C object CMakeFiles/cmTC_31c0f.dir/CheckFunctionExists.c.o
/Users/ohad/Projects/pokemon/nacl_sdk/pepper_49//toolchain/mac_pnacl/bin/pnacl-clang   -isystem /Users/ohad/Projects/pokemon/nacl_sdk/pepper_49/include -isystem /Users/ohad/Projects/pokemon/nacl_sdk/pepper_49/toolchain/mac_pnacl/usr/include/glibc-compat  -Wno-non-literal-null-conversion -Wno-deprecated-writable-strings -U__STRICT_ANSI__ -DCHECK_FUNCTION_EXISTS=pthread_create   -o CMakeFiles/cmTC_31c0f.dir/CheckFunctionExists.c.o   -c /opt/local/share/cmake-3.5/Modules/CheckFunctionExists.c
Linking C executable cmTC_31c0f
/opt/local/bin/cmake -E cmake_link_script CMakeFiles/cmTC_31c0f.dir/link.txt --verbose=1
/Users/ohad/Projects/pokemon/nacl_sdk/pepper_49//toolchain/mac_pnacl/bin/pnacl-clang  -Wno-non-literal-null-conversion -Wno-deprecated-writable-strings -U__STRICT_ANSI__ -DCHECK_FUNCTION_EXISTS=pthread_create    CMakeFiles/cmTC_31c0f.dir/CheckFunctionExists.c.o  -o cmTC_31c0f  -L/Users/ohad/Projects/pokemon/nacl_sdk/pepper_49/lib/pnacl/Release -rdynamic -lpthreads -Wl,-rpath,/Users/ohad/Projects/pokemon/nacl_sdk/pepper_49/lib/pnacl/Release 
pnacl-ld: Cannot find '-lpthreads'
gmake[1]: *** [cmTC_31c0f] Error 255
gmake[1]: Leaving directory `/Users/ohad/Projects/pokemon/pnacl/vbam-code-1231-trunk/CMakeFiles/CMakeTmp'
gmake: *** [cmTC_31c0f/fast] Error 2


